D:\Users\U1\Documents\Dibujo1.dwg,Modelo,24/8/2022 2:17:47 p. m.,U1,PublishToWeb JPG.pc3,Sun Hi-Res (1600.00 x 1280.00 píxeles),1:0.187285,
D:\Users\U1\Documents\Dibujo1.dwg,Modelo,1/9/2022 2:06:51 p. m.,U1,PublishToWeb JPG.pc3,Sun Hi-Res (1600.00 x 1280.00 píxeles),1:0.17813,
D:\Users\U1\Documents\Dibujo1.dwg,Modelo,1/9/2022 2:07:46 p. m.,U1,PublishToWeb JPG.pc3,Sun Hi-Res (1600.00 x 1280.00 píxeles),1:0.192641,
D:\Users\U1\Documents\Dibujo1.dwg,Modelo,7/9/2022 2:21:40 p. m.,U1,PublishToWeb JPG.pc3,Sun Hi-Res (1600.00 x 1280.00 píxeles),1:0.384321,
D:\Users\U1\Documents\Dibujo1.dwg,Modelo,7/9/2022 2:22:55 p. m.,U1,PublishToWeb JPG.pc3,Sun Hi-Res (1600.00 x 1280.00 píxeles),1:0.255835,
D:\Users\U1\Documents\Dibujo1.dwg,Modelo,21/9/2022 2:59:50 p. m.,U1,PublishToWeb JPG.pc3,Sun Hi-Res (1600.00 x 1280.00 píxeles),1:0.137803,
D:\Users\U1\Documents\Dibujo1.dwg,Modelo,21/9/2022 3:00:37 p. m.,U1,PublishToWeb JPG.pc3,Sun Hi-Res (1600.00 x 1280.00 píxeles),1:0.141248,
D:\Users\U1\Documents\Dibujo1.dwg,Modelo,22/9/2022 1:31:02 p. m.,U1,PublishToWeb JPG.pc3,Sun Hi-Res (1600.00 x 1280.00 píxeles),1:0.236945,
D:\Users\U1\Documents\Dibujo1.dwg,Modelo,23/9/2022 3:55:51 p. m.,U1,PublishToWeb JPG.pc3,Sun Hi-Res (1600.00 x 1280.00 píxeles),1:0.221984,
D:\Users\U1\Documents\Dibujo1.dwg,Modelo,23/9/2022 3:56:54 p. m.,U1,PublishToWeb JPG.pc3,Sun Hi-Res (1600.00 x 1280.00 píxeles),1:0.228205,
D:\Users\U1\Documents\Dibujo1.dwg,Modelo,23/9/2022 4:38:26 p. m.,U1,PublishToWeb JPG.pc3,Sun Hi-Res (1600.00 x 1280.00 píxeles),1:0.174593,
D:\Users\U1\Documents\Dibujo1.dwg,Modelo,26/9/2022 4:37:27 p. m.,U1,PublishToWeb JPG.pc3,Sun Hi-Res (1600.00 x 1280.00 píxeles),1:0.414221,
D:\Users\U1\Documents\Dibujo1.dwg,Modelo,26/9/2022 5:27:34 p. m.,U1,PublishToWeb JPG.pc3,Sun Hi-Res (1600.00 x 1280.00 píxeles),1:0.205279,
D:\Users\U1\Documents\Dibujo1.dwg,Modelo,26/9/2022 6:21:40 p. m.,U1,PublishToWeb JPG.pc3,Sun Hi-Res (1600.00 x 1280.00 píxeles),1:0.193391,
D:\Users\U1\Documents\Dibujo1.dwg,Modelo,27/9/2022 4:45:51 p. m.,U1,PublishToWeb JPG.pc3,Sun Hi-Res (1600.00 x 1280.00 píxeles),1:0.355426,
D:\Users\U1\Documents\Dibujo1.dwg,Modelo,27/9/2022 4:46:19 p. m.,U1,PublishToWeb JPG.pc3,Sun Hi-Res (1600.00 x 1280.00 píxeles),1:0.264519,
D:\Users\U1\Documents\Dibujo1.dwg,Modelo,29/9/2022 9:46:20 a. m.,U1,PublishToWeb JPG.pc3,Sun Hi-Res (1600.00 x 1280.00 píxeles),1:0.322318,
D:\Users\U1\Documents\Dibujo1.dwg,Modelo,29/9/2022 10:42:29 a. m.,U1,PublishToWeb JPG.pc3,Sun Hi-Res (1600.00 x 1280.00 píxeles),1:0.200069,
D:\Users\U1\Documents\Dibujo1.dwg,Modelo,4/10/2022 3:58:30 p. m.,U1,PublishToWeb JPG.pc3,Sun Hi-Res (1600.00 x 1280.00 píxeles),1:0.212333,
D:\Users\U1\Documents\Dibujo1.dwg,Modelo,6/10/2022 3:23:09 p. m.,U1,PublishToWeb JPG.pc3,Sun Hi-Res (1600.00 x 1280.00 píxeles),1:0.175101,
D:\Users\U1\Documents\Dibujo1.dwg,Modelo,6/10/2022 3:34:14 p. m.,U1,PublishToWeb JPG.pc3,Sun Hi-Res (1600.00 x 1280.00 píxeles),1:0.189983,
D:\Users\U1\Documents\Dibujo1.dwg,Modelo,11/10/2022 8:54:33 a. m.,U1,PublishToWeb JPG.pc3,Sun Hi-Res (1600.00 x 1280.00 píxeles),1:0.222771,
D:\Users\U1\Desktop\COT062022\PLANOS\ESTANTERIA.dwg,Modelo,11/10/2022 4:20:39 p. m.,U1,PublishToWeb JPG.pc3,Sun Hi-Res (1600.00 x 1280.00 píxeles),1:0.643704,
D:\Users\U1\Documents\Dibujo1.dwg,Modelo,20/10/2022 3:39:26 p. m.,U1,PublishToWeb JPG.pc3,Sun Hi-Res (1600.00 x 1280.00 píxeles),1:0.208678,
D:\Users\U1\Documents\Dibujo1.dwg,Modelo,26/10/2022 6:08:16 p. m.,U1,PublishToWeb JPG.pc3,Sun Hi-Res (1600.00 x 1280.00 píxeles),1:0.201232,
D:\Users\U1\Documents\Dibujo1.dwg,Modelo,9/11/2022 4:34:31 p. m.,U1,PublishToWeb JPG.pc3,Sun Hi-Res (1600.00 x 1280.00 píxeles),1:0.149059,
D:\Users\U1\Documents\Dibujo1.dwg,Modelo,9/11/2022 4:35:05 p. m.,U1,PublishToWeb JPG.pc3,Sun Hi-Res (1600.00 x 1280.00 píxeles),1:0.140352,
D:\Users\U1\Documents\Dibujo1.dwg,Modelo,9/11/2022 4:36:21 p. m.,U1,PublishToWeb JPG.pc3,Sun Hi-Res (1600.00 x 1280.00 píxeles),1:0.138029,
D:\Users\U1\Documents\Dibujo1.dwg,Modelo,9/11/2022 4:46:34 p. m.,U1,PublishToWeb JPG.pc3,Sun Hi-Res (1600.00 x 1280.00 píxeles),1:0.188187,
D:\Users\U1\Documents\Dibujo1.dwg,Modelo,9/11/2022 4:47:25 p. m.,U1,PublishToWeb JPG.pc3,Sun Hi-Res (1600.00 x 1280.00 píxeles),1:0.200727,
D:\Users\U1\Documents\Dibujo1.dwg,Modelo,9/11/2022 4:48:16 p. m.,U1,PublishToWeb JPG.pc3,Sun Hi-Res (1600.00 x 1280.00 píxeles),1:0.194548,
D:\Users\U1\Documents\Dibujo1.dwg,Modelo,17/11/2022 10:49:57 a. m.,U1,PublishToWeb JPG.pc3,Sun Hi-Res (1600.00 x 1280.00 píxeles),1:0.198735,
D:\Users\U1\Desktop\COT062022\PLANOS\ESTANTERIA.dwg,Modelo,21/11/2022 9:23:53 a. m.,U1,PublishToWeb JPG.pc3,Sun Hi-Res (1600.00 x 1280.00 píxeles),1:0.386495,
D:\Users\U1\Documents\Dibujo1.dwg,Modelo,21/11/2022 1:05:00 p. m.,U1,PublishToWeb JPG.pc3,Sun Hi-Res (1600.00 x 1280.00 píxeles),1:0.274572,
D:\Users\U1\Documents\Dibujo1.dwg,Modelo,21/11/2022 1:12:19 p. m.,U1,PublishToWeb JPG.pc3,Sun Hi-Res (1600.00 x 1280.00 píxeles),1:0.272332,
D:\Users\U1\Documents\Dibujo1.dwg,Modelo,23/11/2022 5:48:26 p. m.,U1,PublishToWeb JPG.pc3,Sun Hi-Res (1600.00 x 1280.00 píxeles),1:0.197637,
D:\Users\U1\Documents\Dibujo1.dwg,Modelo,23/11/2022 5:49:24 p. m.,U1,PublishToWeb JPG.pc3,Sun Hi-Res (1600.00 x 1280.00 píxeles),1:0.198371,
D:\Users\U1\Documents\Dibujo1.dwg,Modelo,23/11/2022 6:02:19 p. m.,U1,PublishToWeb JPG.pc3,Sun Hi-Res (1600.00 x 1280.00 píxeles),1:0.226802,
D:\Users\U1\Documents\Dibujo1.dwg,Modelo,25/11/2022 4:34:39 p. m.,U1,PublishToWeb JPG.pc3,Sun Hi-Res (1600.00 x 1280.00 píxeles),1:0.204976,
D:\Users\U1\Documents\Dibujo1.dwg,Modelo,25/11/2022 4:41:17 p. m.,U1,PublishToWeb JPG.pc3,Sun Hi-Res (1600.00 x 1280.00 píxeles),1:0.296388,
D:\Users\U1\Documents\Dibujo1.dwg,Modelo,28/11/2022 11:34:01 a. m.,U1,PublishToWeb JPG.pc3,Sun Hi-Res (1600.00 x 1280.00 píxeles),1:0.208451,
D:\Users\U1\Documents\Dibujo1.dwg,Modelo,28/11/2022 3:31:31 p. m.,U1,PublishToWeb JPG.pc3,Sun Hi-Res (1600.00 x 1280.00 píxeles),1:0.164096,
D:\Users\U1\Documents\Dibujo1.dwg,Modelo,28/11/2022 3:32:02 p. m.,U1,PublishToWeb JPG.pc3,Sun Hi-Res (1600.00 x 1280.00 píxeles),1:0.139555,
D:\Users\U1\Documents\Dibujo1.dwg,Modelo,13/12/2022 2:04:41 p. m.,U1,DWG To PDF.pc3,ISO A4 (210.00 x 297.00 mm),1:3.32246,
